2017-11-24 20:21:02 INFO  String:204 - Student Operation: student 101075403 has not registered for course 115007;
@2017-11-24 20:21:02 INFO  String:214 - Student Operation: student 101075403 has not completed course 115007;
@2017-11-24 20:21:02 INFO  String:135 - Student Operation: student 101075403 select course 115007; State: Success
@2017-11-24 20:21:02 INFO  String:182 - University Operation: Get student; Student info: 101075403; State: Success
@2017-11-24 20:21:02 INFO  String:213 - University Operation: Check course; Course info: 115205; State: Success
@2017-11-24 20:21:02 INFO  String:182 - University Operation: Get student; Student info: 101075403; State: Success
@2017-11-24 20:21:02 INFO  String:195 - University Operation: Get course; Course info: 115205; State: Success
@2017-11-24 20:21:02 INFO  String:194 - Student Operation: student 101075403 has not selected course 115205;
@2017-11-24 20:21:02 INFO  String:204 - Student Operation: student 101075403 has not registered for course 115205;
@2017-11-24 20:21:02 INFO  String:214 - Student Operation: student 101075403 has not completed course 115205;
@2017-11-24 20:21:02 INFO  String:135 - Student Operation: student 101075403 select course 115205; State: Success
@2017-11-24 20:21:02 INFO  String:182 - University Operation: Get student; Student info: 101075403; State: Success
@2017-11-24 20:21:02 INFO  String:213 - University Operation: Check course; Course info: 115004; State: Success
@2017-11-24 20:21:02 INFO  String:182 - University Operation: Get student; Student info: 101075403; State: Success
@2017-11-24 20:21:02 INFO  String:195 - University Operation: Get course; Course info: 115004; State: Success
@2017-11-24 20:21:02 INFO  String:194 - Student Operation: student 101075403 has not selected course 115004;
@2017-11-24 20:21:02 INFO  String:204 - Student Operation: student 101075403 has not registered for course 115004;
@2017-11-24 20:21:02 INFO  String:214 - Student Operation: student 101075403 has not completed course 115004;
@2017-11-24 20:21:02 INFO  String:135 - Student Operation: student 101075403 select course 115004; State: Success
@2017-11-24 20:21:03 INFO  String:182 - University Operation: Get student; Student info: 101075403; State: Success
@2017-11-24 20:21:03 INFO  String:213 - University Operation: Check course; Course info: 115007; State: Success
@2017-11-24 20:21:03 INFO  String:182 - University Operation: Get student; Student info: 101075403; State: Success
@2017-11-24 20:21:03 INFO  String:195 - University Operation: Get course; Course info: 115007; State: Success
@2017-11-24 20:21:03 INFO  String:213 - University Operation: Check course; Course info: 115007; State: Success
@2017-11-24 20:21:03 INFO  String:233 - University Operation: Check student; Student info: 101075403; State: Success
@2017-11-24 20:21:03 INFO  String:191 - Student Operation: student 101075403 has selected course 115007;
@2017-11-24 20:21:03 INFO  String:191 - Student Operation: student 101075403 has selected course 115007;
@2017-11-24 20:21:03 INFO  String:204 - Student Operation: student 101075403 has not registered for course 115007;
@2017-11-24 20:21:03 INFO  String:214 - Student Operation: student 101075403 has not completed course 115007;
@2017-11-24 20:21:03 INFO  String:156 - Student Operation: student 101075403 register course 115007; State: Success
@2017-11-24 20:21:03 INFO  String:269 - Course Operation: Add student 101075403 to course 115007; State: Success
@2017-11-24 20:21:03 INFO  String:344 - University Operation: student 101075403 register course 115007; State: Success
@2017-11-24 20:21:03 INFO  String:182 - University Operation: Get student; Student info: 101075403; State: Success
@2017-11-24 20:21:03 INFO  String:213 - University Operation: Check course; Course info: 115205; State: Success
@2017-11-24 20:21:03 INFO  String:182 - University Operation: Get student; Student info: 101075403; State: Success
@2017-11-24 20:21:03 INFO  String:195 - University Operation: Get course; Course info: 115205; State: Success
@2017-11-24 20:21:03 INFO  String:213 - University Operation: Check course; Course info: 115205; State: Success
@2017-11-24 20:21:03 INFO  String:233 - University Operation: Check student; Student info: 101075403; State: Success
@2017-11-24 20:21:03 INFO  String:191 - Student Operation: student 101075403 has selected course 115205;
@2017-11-24 20:21:03 INFO  String:191 - Student Operation: student 101075403 has selected course 115205;
@2017-11-24 20:21:03 INFO  String:204 - Student Operation: student 101075403 has not registered for course 115205;
@2017-11-24 20:21:03 INFO  String:214 - Student Operation: student 101075403 has not completed course 115205;
@2017-11-24 20:21:03 INFO  String:156 - Student Operation: student 101075403 register course 115205; State: Success
@2017-11-24 20:21:03 INFO  String:269 - Course Operation: Add student 101075403 to course 115205; State: Success
@2017-11-24 20:21:03 INFO  String:344 - University Operation: student 101075403 register course 115205; State: Success
@2017-11-24 20:21:03 INFO  String:182 - University Operation: Get student; Student info: 101075403; State: Success
@2017-11-24 20:21:03 INFO  String:213 - University Operation: Check course; Course info: 115004; State: Success
@2017-11-24 20:21:03 INFO  String:182 - University Operation: Get student; Student info: 101075403; State: Success
@2017-11-24 20:21:03 INFO  String:195 - University Operation: Get course; Course info: 115004; State: Success
@2017-11-24 20:21:03 INFO  String:213 - University Operation: Check course; Course info: 115004; State: Success
@2017-11-24 20:21:03 INFO  String:233 - University Operation: Check student; Student info: 101075403; State: Success
@2017-11-24 20:21:03 INFO  String:191 - Student Operation: student 101075403 has selected course 115004;
@2017-11-24 20:21:03 INFO  String:191 - Student Operation: student 101075403 has selected course 115004;
@2017-11-24 20:21:03 INFO  String:204 - Student Operation: student 101075403 has not registered for course 115004;
@2017-11-24 20:21:03 INFO  String:214 - Student Operation: student 101075403 has not completed course 115004;
@2017-11-24 20:21:03 INFO  String:152 - Student Operation: student 101075403 register course 115004; State: Fail; Reason: over registered
@2017-11-24 20:21:03 INFO  String:346 - University Operation: student 101075403 register course 115004; State: Fail; Reason: The course registered has reached the maximum number.
@2017-11-24 20:21:03 INFO  String:236 - University Operation: Check student; Student info: 101075403; State: Fail
@2017-11-24 20:21:03 INFO  String:35 - Student Operation: Initialize student; student number: 101075403, student name: mike
@2017-11-24 20:21:03 INFO  String:314 - University Operation: Create new student; Student info: [101075403,mike]; State: Success
@2017-11-24 20:21:03 INFO  String:216 - University Operation: Check course; Course info: 115007; State: Fail
@2017-11-24 20:21:03 INFO  String:71 - Course Operation: Initialize course; title: Graphical Models, myCode: 115007
@2017-11-24 20:21:03 INFO  String:284 - University Operation: Create new course; Course info: [Graphical Models,115007]; State: Success
@2017-11-24 20:21:03 INFO  String:255 - University Operation: Lookup student; Student info: [101075403,mike]; State: Success
@2017-11-24 20:21:03 INFO  String:182 - University Operation: Get student; Student info: 101075403; State: Success
@2017-11-24 20:21:03 INFO  String:213 - University Operation: Check course; Course info: 115007; State: Success
@2017-11-24 20:21:03 INFO  String:182 - University Operation: Get student; Student info: 101075403; State: Success
@2017-11-24 20:21:03 INFO  String:195 - University Operation: Get course; Course info: 115007; State: Success
@2017-11-24 20:21:03 INFO  String:194 - Student Operation: student 101075403 has not selected course 115007;
@2017-11-24 20:21:03 INFO  String:204 - Student Operation: student 101075403 has not registered for course 115007;
@2017-11-24 20:21:03 INFO  String:214 - Student Operation: student 101075403 has not completed course 115007;
@2017-11-24 20:21:03 INFO  String:135 - Student Operation: student 101075403 select course 115007; State: Success
@2017-11-24 20:21:03 INFO  String:182 - University Operation: Get student; Student info: 101075403; State: Success
@2017-11-24 20:21:03 INFO  String:213 - University Operation: Check course; Course info: 115007; State: Success
@2017-11-24 20:21:03 INFO  String:182 - University Operation: Get student; Student info: 101075403; State: Success
@2017-11-24 20:21:03 INFO  String:195 - University Operation: Get course; Course info: 115007; State: Success
@2017-11-24 20:21:03 INFO  String:191 - Student Operation: student 101075403 has selected course 115007;
@2017-11-24 20:21:03 INFO  String:204 - Student Operation: student 101075403 has not registered for course 115007;
@2017-11-24 20:21:03 INFO  String:214 - Student Operation: student 101075403 has not completed course 115007;
@2017-11-24 20:21:03 INFO  String:170 - Student Operation: student 101075403 drop course 115007; State: Success
@2017-11-24 20:21:03 INFO  String:236 - University Operation: Check student; Student info: 101075433; State: Fail
@2017-11-24 20:21:03 INFO  String:35 - Student Operation: Initialize student; student number: 101075433, student name: isaac
@2017-11-24 20:21:03 INFO  String:314 - University Operation: Create new student; Student info: [101075433,isaac]; State: Success
@2017-11-24 20:21:03 INFO  String:216 - University Operation: Check course; Course info: 115205; State: Fail
@2017-11-24 20:21:03 INFO  String:71 - Course Operation: Initialize course; title: Virtual Environments, myCode: 115205
@2017-11-24 20:21:03 INFO  String:288 - University Operation: Create new project course; Course info: [Virtual Environments,115205]; State: Success
@2017-11-24 20:21:03 INFO  String:255 - University Operation: Lookup student; Student info: [101075433,isaac]; State: Success
@2017-11-24 20:21:03 INFO  String:182 - University Operation: Get student; Student info: 101075433; State: Success
@2017-11-24 20:21:03 INFO  String:213 - University Operation: Check course; Course info: 115205; State: Success
@2017-11-24 20:21:03 INFO  String:182 - University Operation: Get student; Student info: 101075433; State: Success
@2017-11-24 20:21:03 INFO  String:195 - University Operation: Get course; Course info: 115205; State: Success
@2017-11-24 20:21:03 INFO  String:194 - Student Operation: student 101075433 has not selected course 115205;
@2017-11-24 20:21:03 INFO  String:204 - Student Operation: student 101075433 has not registered for course 115205;
@2017-11-24 20:21:03 INFO  String:214 - Student Operation: student 101075433 has not completed course 115205;
@2017-11-24 20:21:03 INFO  String:135 - Student Operation: student 101075433 select course 115205; State: Success
@2017-11-24 20:21:03 INFO  String:182 - University Operation: Get student; Student info: 101075433; State: Success
@2017-11-24 20:21:03 INFO  String:213 - University Operation: Check course; Course info: 115205; State: Success
@2017-11-24 20:21:03 INFO  String:182 - University Operation: Get student; Student info: 101075433; State: Success
@2017-11-24 20:21:03 INFO  String:195 - University Operation: Get course; Course info: 115205; State: Success
@2017-11-24 20:21:03 INFO  String:191 - Student Operation: student 101075433 has selected course 115205;
@2017-11-24 20:21:03 INFO  String:204 - Student Operation: student 101075433 has not registered for course 115205;
@2017-11-24 20:21:03 INFO  String:214 - Student Operation: student 101075433 has not completed course 115205;
@2017-11-24 20:21:03 INFO  String:170 - Student Operation: student 101075433 drop course 115205; State: Success
@2017-11-24 20:21:04 INFO  String:236 - University Operation: Check student; Student info: 101075403; State: Fail
@2017-11-24 20:21:04 INFO  String:35 - Student Operation: Initialize student; student number: 101075403, student name: mike
@2017-11-24 20:21:04 INFO  String:314 - University Operation: Create new student; Student info: [101075403,mike]; State: Success
@2017-11-24 20:21:04 INFO  String:255 - University Operation: Lookup student; Student info: [101075403,mike]; State: Success
@2017-11-24 20:21:04 INFO  String:182 - University Operation: Get student; Student info: 101075403; State: Success
@2017-11-24 20:21:04 INFO  String:216 - University Operation: Check course; Course info: 115007; State: Fail
@2017-11-24 20:21:04 INFO  String:236 - University Operation: Check student; Student info: 101075433; State: Fail
@2017-11-24 20:21:04 INFO  String:35 - Student Operation: Initialize student; student number: 101075433, student name: isaac
@2017-11-24 20:21:04 INFO  String:314 - University Operation: Create new student; Student info: [101075433,isaac]; State: Success
@2017-11-24 20:21:04 INFO  String:255 - University Operation: Lookup student; Student info: [101075433,isaac]; State: Success
@2017-11-24 20:21:04 INFO  String:182 - University Operation: Get student; Student info: 101075433; State: Success
@2017-11-24 20:21:04 INFO  String:216 - University Operation: Check course; Course info: 115205; State: Fail
@2017-11-24 20:21:04 INFO  String:236 - University Operation: Check student; Student info: 101075403; State: Fail
@2017-11-24 20:21:04 INFO  String:35 - Student Operation: Initialize student; student number: 101075403, student name: mike
@2017-11-24 20:21:04 INFO  String:314 - University Operation: Create new student; Student info: [101075403,mike]; State: Success
@2017-11-24 20:21:04 INFO  String:216 - University Operation: Check course; Course info: 115007; State: Fail
@2017-11-24 20:21:04 INFO  String:71 - Course Operation: Initialize course; title: Graphical Models, myCode: 115007
@2017-11-24 20:21:04 INFO  String:284 - University Operation: Create new course; Course info: [Graphical Models,115007]; State: Success
@2017-11-24 20:21:04 INFO  String:255 - University Operation: Lookup student; Student info: [101075403,mike]; State: Success
@2017-11-24 20:21:05 INFO  String:182 - University Operation: Get student; Student info: 101075403; State: Success
@2017-11-24 20:21:05 INFO  String:213 - University Operation: Check course; Course info: 115007; State: Success
@2017-11-24 20:21:05 INFO  String:182 - University Operation: Get student; Student info: 101075403; State: Success
@2017-11-24 20:21:05 INFO  String:195 - University Operation: Get course; Course info: 115007; State: Success
@2017-11-24 20:21:05 INFO  String:194 - Student Operation: student 101075403 has not selected course 115007;
@2017-11-24 20:21:05 INFO  String:167 - Student Operation: student 101075403 drop course 115007; State: Fail; Reason: student hasn't selected this course or student has completed this course
@2017-11-24 20:21:05 INFO  String:236 - University Operation: Check student; Student info: 101075433; State: Fail
@2017-11-24 20:21:05 INFO  String:35 - Student Operation: Initialize student; student number: 101075433, student name: isaac
@2017-11-24 20:21:05 INFO  String:314 - University Operation: Create new student; Student info: [101075433,isaac]; State: Success
@2017-11-24 20:21:05 INFO  String:216 - University Operation: Check course; Course info: 115205; State: Fail
@2017-11-24 20:21:05 INFO  String:71 - Course Operation: Initialize course; title: Virtual Environments, myCode: 115205
@2017-11-24 20:21:05 INFO  String:288 - University Operation: Create new project course; Course info: [Virtual Environments,115205]; State: Success
@2017-11-24 20:21:05 INFO  String:255 - University Operation: Lookup student; Student info: [101075433,isaac]; State: Success
@2017-11-24 20:21:05 INFO  String:182 - University Operation: Get student; Student info: 101075433; State: Success
@2017-11-24 20:21:05 INFO  String:213 - University Operation: Check course; Course info: 115205; State: Success
@2017-11-24 20:21:05 INFO  String:182 - University Operation: Get student; Student info: 101075433; State: Success
@2017-11-24 20:21:05 INFO  String:195 - University Operation: Get course; Course info: 115205; State: Success
@2017-11-24 20:21:05 INFO  String:194 - Student Operation: student 101075433 has not selected course 115205;
@2017-11-24 20:21:05 INFO  String:167 - Student Operation: student 101075433 drop course 115205; State: Fail; Reason: student hasn't selected this course or student has completed this course
@2017-11-24 20:21:05 INFO  String:236 - University Operation: Check student; Student info: 101075403; State: Fail
@2017-11-24 20:21:05 INFO  String:35 - Student Operation: Initialize student; student number: 101075403, student name: mike
@2017-11-24 20:21:05 INFO  String:314 - University Operation: Create new student; Student info: [101075403,mike]; State: Success
@2017-11-24 20:21:05 INFO  String:216 - University Operation: Check course; Course info: 115007; State: Fail
@2017-11-24 20:21:05 INFO  String:71 - Course Operation: Initialize course; title: Graphical Models, myCode: 115007
@2017-11-24 20:21:05 INFO  String:284 - University Operation: Create new course; Course info: [Graphical Models,115007]; State: Success
@2017-11-24 20:21:05 INFO  String:255 - University Operation: Lookup student; Student info: [101075403,mike]; State: Success
@2017-11-24 20:21:05 INFO  String:182 - University Operation: Get student; Student info: 101075403; State: Success
@2017-11-24 20:21:05 INFO  String:213 - University Operation: Check course; Course info: 115007; State: Success
@2017-11-24 20:21:05 INFO  String:182 - University Operation: Get student; Student info: 101075403; State: Success
@2017-11-24 20:21:05 INFO  String:195 - University Operation: Get course; Course info: 115007; State: Success
@2017-11-24 20:21:05 INFO  String:194 - Student Operation: student 101075403 has not selected course 115007;
@2017-11-24 20:21:05 INFO  String:204 - Student Operation: student 101075403 has not registered for course 115007;
@2017-11-24 20:21:05 INFO  String:214 - Student Operation: student 101075403 has not completed course 115007;
@2017-11-24 20:21:05 INFO  String:135 - Student Operation: student 101075403 select course 115007; State: Success
@2017-11-24 20:21:05 INFO  String:182 - University Operation: Get student; Student info: 101075403; State: Success
@2017-11-24 20:21:05 INFO  String:236 - University Operation: Check student; Student info: 101075433; State: Fail
@2017-11-24 20:21:05 INFO  String:35 - Student Operation: Initialize student; student number: 101075433, student name: isaac
@2017-11-24 20:21:05 INFO  String:314 - University Operation: Create new student; Student info: [101075433,isaac]; State: Success
@2017-11-24 20:21:05 INFO  String:216 - University Operation: Check course; Course info: 115205; State: Fail
@2017-11-24 20:21:05 INFO  String:71 - Course Operation: Initialize course; title: Virtual Environments, myCode: 115205
@2017-11-24 20:21:05 INFO  String:288 - University Operation: Create new project course; Course info: [Virtual Environments,115205]; State: Success
@2017-11-24 20:21:05 INFO  String:255 - University Operation: Lookup student; Student info: [101075433,isaac]; State: Success
@2017-11-24 20:21:05 INFO  String:182 - University Operation: Get student; Student info: 101075433; State: Success
@2017-11-24 20:21:05 INFO  String:213 - University Operation: Check course; Course info: 115205; State: Success
@2017-11-24 20:21:05 INFO  String:182 - University Operation: Get student; Student info: 101075433; State: Success
@2017-11-24 20:21:05 INFO  String:195 - University Operation: Get course; Course info: 115205; State: Success
@2017-11-24 20:21:05 INFO  String:194 - Student Operation: student 101075433 has not selected course 115205;
@2017-11-24 20:21:05 INFO  String:204 - Student Operation: student 101075433 has not registered for course 115205;
@2017-11-24 20:21:05 INFO  String:214 - Student Operation: student 101075433 has not completed course 115205;
@2017-11-24 20:21:05 INFO  String:135 - Student Operation: student 101075433 select course 115205; State: Success
@2017-11-24 20:21:05 INFO  String:182 - University Operation: Get student; Student info: 101075433; State: Success
@2017-11-24 20:21:06 INFO  String:236 - University Operation: Check student; Student info: 101075403; State: Fail
@2017-11-24 20:21:06 INFO  String:35 - Student Operation: Initialize student; student number: 101075403, student name: mike
@2017-11-24 20:21:06 INFO  String:314 - University Operation: Create new student; Student info: [101075403,mike]; State: Success
@2017-11-24 20:21:06 INFO  String:216 - University Operation: Check course; Course info: 115007; State: Fail
@2017-11-24 20:21:06 INFO  String:71 - Course Operation: Initialize course; title: Graphical Models, myCode: 115007
@2017-11-24 20:21:06 INFO  String:284 - University Operation: Create new course; Course info: [Graphical Models,115007]; State: Success
@2017-11-24 20:21:06 INFO  String:255 - University Operation: Lookup student; Student info: [101075403,mike]; State: Success
@2017-11-24 20:21:06 INFO  String:182 - University Operation: Get student; Student info: 101075403; State: Success
@2017-11-24 20:21:06 INFO  String:213 - University Operation: Check course; Course info: 115007; State: Success
@2017-11-24 20:21:06 INFO  String:182 - University Operation: Get student; Student info: 101075403; State: Success
@2017-11-24 20:21:06 INFO  String:195 - University Operation: Get course; Course info: 115007; State: Success
@2017-11-24 20:21:06 INFO  String:194 - Student Operation: student 101075403 has not selected course 115007;
@2017-11-24 20:21:06 INFO  String:204 - Student Operation: student 101075403 has not registered for course 115007;
@2017-11-24 20:21:06 INFO  String:214 - Student Operation: student 101075403 has not completed course 115007;
@2017-11-24 20:21:06 INFO  String:135 - Student Operation: student 101075403 select course 115007; State: Success
@2017-11-24 20:21:06 INFO  String:182 - University Operation: Get student; Student info: 101075403; State: Success
@2017-11-24 20:21:06 INFO  String:213 - University Operation: Check course; Course info: 115007; State: Success
@2017-11-24 20:21:06 INFO  String:182 - University Operation: Get student; Student info: 101075403; State: Success
@2017-11-24 20:21:06 INFO  String:195 - University Operation: Get course; Course info: 115007; State: Success
@2017-11-24 20:21:06 INFO  String:213 - University Operation: Check course; Course info: 115007; State: Success
@2017-11-24 20:21:06 INFO  String:233 - University Operation: Check student; Student info: 101075403; State: Success
@2017-11-24 20:21:06 INFO  String:191 - Student Operation: student 101075403 has selected course 115007;
@2017-11-24 20:21:06 INFO  String:191 - Student Operation: student 101075403 has selected course 115007;
@2017-11-24 20:21:06 INFO  String:204 - Student Operation: student 101075403 has not registered for course 115007;
@2017-11-24 20:21:06 INFO  String:214 - Student Operation: student 101075403 has not completed course 115007;
@2017-11-24 20:21:06 INFO  String:156 - Student Operation: student 101075403 register course 115007; State: Success
@2017-11-24 20:21:06 INFO  String:269 - Course Operation: Add student 101075403 to course 115007; State: Success
@2017-11-24 20:21:06 INFO  String:344 - University Operation: student 101075403 register course 115007; State: Success
@2017-11-24 20:21:06 INFO  String:182 - University Operation: Get student; Student info: 101075403; State: Success
@2017-11-24 20:21:06 INFO  String:213 - University Operation: Check course; Course info: 115007; State: Success
@2017-11-24 20:21:06 INFO  String:182 - University Operation: Get student; Student info: 101075403; State: Success
@2017-11-24 20:21:06 INFO  String:195 - University Operation: Get course; Course info: 115007; State: Success
@2017-11-24 20:21:06 INFO  String:213 - University Operation: Check course; Course info: 115007; State: Success
@2017-11-24 20:21:06 INFO  String:233 - University Operation: Check student; Student info: 101075403; State: Success
@2017-11-24 20:21:06 INFO  String:201 - Student Operation: student 101075403 has registered for course 115007;
@2017-11-24 20:21:06 INFO  String:194 - Student Operation: student 101075403 has not selected course 115007;
@2017-11-24 20:21:06 INFO  String:201 - Student Operation: student 101075403 has registered for course 115007;
@2017-11-24 20:21:06 INFO  String:214 - Student Operation: student 101075403 has not completed course 115007;
@2017-11-24 20:21:06 INFO  String:184 - Student Operation: student 101075403 deregister course 115007; State: Success
@2017-11-24 20:21:06 INFO  String:287 - Course Operation: Remove student 101075403 from course 115007; State: Success
@2017-11-24 20:21:06 INFO  String:363 - University Operation: student 101075403 deregister course 115007; State: Success
@2017-11-24 20:21:06 INFO  String:236 - University Operation: Check student; Student info: 101075433; State: Fail
@2017-11-24 20:21:06 INFO  String:35 - Student Operation: Initialize student; student number: 101075433, student name: isaac
@2017-11-24 20:21:06 INFO  String:314 - University Operation: Create new student; Student info: [101075433,isaac]; State: Success
@2017-11-24 20:21:06 INFO  String:216 - University Operation: Check course; Course info: 115205; State: Fail
@2017-11-24 20:21:06 INFO  String:71 - Course Operation: Initialize course; title: Virtual Environments, myCode: 115205
@2017-11-24 20:21:06 INFO  String:288 - University Operation: Create new project course; Course info: [Virtual Environments,115205]; State: Success
@2017-11-24 20:21:06 INFO  String:255 - University Operation: Lookup student; Student info: [101075433,isaac]; State: Success
@2017-11-24 20:21:06 INFO  String:182 - University Operation: Get student; Student info: 101075433; State: Success
@2017-11-24 20:21:06 INFO  String:213 - University Operation: Check course; Course info: 115205; State: Success
@2017-11-24 20:21:06 INFO  String:182 - University Operation: Get student; Student info: 101075433; State: Success
@2017-11-24 20:21:06 INFO  String:195 - University Operation: Get course; Course info: 115205; State: Success
@2017-11-24 20:21:06 INFO  String:194 - Student Operation: student 101075433 has not selected course 115205;
@2017-11-24 20:21:06 INFO  String:204 - Student Operation: student 101075433 has not registered for course 115205;
@2017-11-24 20:21:06 INFO  String:214 - Student Operation: student 101075433 has not completed course 115205;
@2017-11-24 20:21:06 INFO  String:135 - Student Operation: student 101075433 select course 115205; State: Success
@2017-11-24 20:21:06 INFO  String:182 - University Operation: Get student; Student info: 101075433; State: Success
@2017-11-24 20:21:06 INFO  String:213 - University Operation: Check course; Course info: 115205; State: Success
@2017-11-24 20:21:06 INFO  String:182 - University Operation: Get student; Student info: 101075433; State: Success
@2017-11-24 20:21:06 INFO  String:195 - University Operation: Get course; Course info: 115205; State: Success
@2017-11-24 20:21:06 INFO  String:213 - University Operation: Check course; Course info: 115205; State: Success
@2017-11-24 20:21:06 INFO  String:233 - University Operation: Check student; Student info: 101075433; State: Success
@2017-11-24 20:21:06 INFO  String:191 - Student Operation: student 101075433 has selected course 115205;
@2017-11-24 20:21:06 INFO  String:191 - Student Operation: student 101075433 has selected course 115205;
@2017-11-24 20:21:06 INFO  String:204 - Student Operation: student 101075433 has not registered for course 115205;
@2017-11-24 20:21:06 INFO  String:214 - Student Operation: student 101075433 has not completed course 115205;
@2017-11-24 20:21:06 INFO  String:156 - Student Operation: student 101075433 register course 115205; State: Success
@2017-11-24 20:21:06 INFO  String:269 - Course Operation: Add student 101075433 to course 115205; State: Success
@2017-11-24 20:21:06 INFO  String:344 - University Operation: student 101075433 register course 115205; State: Success
@2017-11-24 20:21:07 INFO  String:182 - University Operation: Get student; Student info: 101075433; State: Success
@2017-11-24 20:21:07 INFO  String:213 - University Operation: Check course; Course info: 115205; State: Success
@2017-11-24 20:21:07 INFO  String:182 - University Operation: Get student; Student info: 101075433; State: Success
@2017-11-24 20:21:07 INFO  String:195 - University Operation: Get course; Course info: 115205; State: Success
@2017-11-24 20:21:07 INFO  String:213 - University Operation: Check course; Course info: 115205; State: Success
@2017-11-24 20:21:07 INFO  String:233 - University Operation: Check student; Student info: 101075433; State: Success
@2017-11-24 20:21:07 INFO  String:201 - Student Operation: student 101075433 has registered for course 115205;
@2017-11-24 20:21:07 INFO  String:194 - Student Operation: student 101075433 has not selected course 115205;
@2017-11-24 20:21:07 INFO  String:201 - Student Operation: student 101075433 has registered for course 115205;
@2017-11-24 20:21:07 INFO  String:214 - Student Operation: student 101075433 has not completed course 115205;
@2017-11-24 20:21:07 INFO  String:184 - Student Operation: student 101075433 deregister course 115205; State: Success
@2017-11-24 20:21:07 INFO  String:287 - Course Operation: Remove student 101075433 from course 115205; State: Success
@2017-11-24 20:21:07 INFO  String:363 - University Operation: student 101075433 deregister course 115205; State: Success
@2017-11-24 20:21:07 INFO  String:236 - University Operation: Check student; Student info: 101075403; State: Fail
@2017-11-24 20:21:07 INFO  String:35 - Student Operation: Initialize student; student number: 101075403, student name: mike
@2017-11-24 20:21:07 INFO  String:314 - University Operation: Create new student; Student info: [101075403,mike]; State: Success
@2017-11-24 20:21:07 INFO  String:255 - University Operation: Lookup student; Student info: [101075403,mike]; State: Success
@2017-11-24 20:21:07 INFO  String:182 - University Operation: Get student; Student info: 101075403; State: Success
@2017-11-24 20:21:07 INFO  String:216 - University Operation: Check course; Course info: 115007; State: Fail
@2017-11-24 20:21:07 INFO  String:216 - University Operation: Check course; Course info: 115007; State: Fail
@2017-11-24 20:21:07 INFO  String:216 - University Operation: Check course; Course info: 115007; State: Fail
@2017-11-24 20:21:07 INFO  String:236 - University Operation: Check student; Student info: 101075433; State: Fail
@2017-11-24 20:21:07 INFO  String:35 - Student Operation: Initialize student; student number: 101075433, student name: isaac
@2017-11-24 20:21:07 INFO  String:314 - University Operation: Create new student; Student info: [101075433,isaac]; State: Success
@2017-11-24 20:21:07 INFO  String:255 - University Operation: Lookup student; Student info: [101075433,isaac]; State: Success
@2017-11-24 20:21:07 INFO  String:182 - University Operation: Get student; Student info: 101075433; State: Success
@2017-11-24 20:21:07 INFO  String:216 - University Operation: Check course; Course info: 115205; State: Fail
@2017-11-24 20:21:07 INFO  String:216 - University Operation: Check course; Course info: 115205; State: Fail
@2017-11-24 20:21:08 INFO  String:216 - University Operation: Check course; Course info: 115205; State: Fail
@2017-11-24 20:21:08 INFO  String:236 - University Operation: Check student; Student info: 101075403; State: Fail
@2017-11-24 20:21:08 INFO  String:35 - Student Operation: Initialize student; student number: 101075403, student name: mike
@2017-11-24 20:21:08 INFO  String:314 - University Operation: Create new student; Student info: [101075403,mike]; State: Success
@2017-11-24 20:21:08 INFO  String:216 - University Operation: Check course; Course info: 115007; State: Fail
@2017-11-24 20:21:08 INFO  String:71 - Course Operation: Initialize course; title: Graphical Models, myCode: 115007
@2017-11-24 20:21:08 INFO  String:284 - University Operation: Create new course; Course info: [Graphical Models,115007]; State: Success
@2017-11-24 20:21:08 INFO  String:255 - University Operation: Lookup student; Student info: [101075403,mike]; State: Success
@2017-11-24 20:21:08 INFO  String:182 - University Operation: Get student; Student info: 101075403; State: Success
@2017-11-24 20:21:08 INFO  String:213 - University Operation: Check course; Course info: 115007; State: Success
@2017-11-24 20:21:08 INFO  String:182 - University Operation: Get student; Student info: 101075403; State: Success
@2017-11-24 20:21:08 INFO  String:195 - University Operation: Get course; Course info: 115007; State: Success
@2017-11-24 20:21:08 INFO  String:194 - Student Operation: student 101075403 has not selected course 115007;
@2017-11-24 20:21:08 INFO  String:204 - Student Operation: student 101075403 has not registered for course 115007;
@2017-11-24 20:21:08 INFO  String:214 - Student Operation: student 101075403 has not completed course 115007;
@2017-11-24 20:21:08 INFO  String:135 - Student Operation: student 101075403 select course 115007; State: Success
@2017-11-24 20:21:08 INFO  String:182 - University Operation: Get student; Student info: 101075403; State: Success
@2017-11-24 20:21:08 INFO  String:213 - University Operation: Check course; Course info: 115007; State: Success
@2017-11-24 20:21:08 INFO  String:182 - University Operation: Get student; Student info: 101075403; State: Success
@2017-11-24 20:21:08 INFO  String:195 - University Operation: Get course; Course info: 115007; State: Success
@2017-11-24 20:21:08 INFO  String:213 - University Operation: Check course; Course info: 115007; State: Success
@2017-11-24 20:21:08 INFO  String:233 - University Operation: Check student; Student info: 101075403; State: Success
@2017-11-24 20:21:08 INFO  String:204 - Student Operation: student 101075403 has not registered for course 115007;
@2017-11-24 20:21:08 INFO  String:369 - University Operation: student 101075403 deregister course 115007; State: Fail; Reason: The student or course doesn't exist or the student hasn't registered the course.
@2017-11-24 20:21:08 INFO  String:236 - University Operation: Check student; Student info: 101075433; State: Fail
@2017-11-24 20:21:08 INFO  String:35 - Student Operation: Initialize student; student number: 101075433, student name: isaac
@2017-11-24 20:21:08 INFO  String:314 - University Operation: Create new student; Student info: [101075433,isaac]; State: Success
@2017-11-24 20:21:08 INFO  String:216 - University Operation: Check course; Course info: 115205; State: Fail
@2017-11-24 20:21:08 INFO  String:71 - Course Operation: Initialize course; title: Virtual Environments, myCode: 115205
@2017-11-24 20:21:08 INFO  String:288 - University Operation: Create new project course; Course info: [Virtual Environments,115205]; State: Success
@2017-11-24 20:21:08 INFO  String:255 - University Operation: Lookup student; Student info: [101075433,isaac]; State: Success
@2017-11-24 20:21:08 INFO  String:182 - University Operation: Get student; Student info: 101075433; State: Success
@2017-11-24 20:21:08 INFO  String:213 - University Operation: Check course; Course info: 115205; State: Success
@2017-11-24 20:21:08 INFO  String:182 - University Operation: Get student; Student info: 101075433; State: Success
@2017-11-24 20:21:08 INFO  String:195 - University Operation: Get course; Course info: 115205; State: Success
@2017-11-24 20:21:08 INFO  String:194 - Student Operation: student 101075433 has not selected course 115205;
@2017-11-24 20:21:08 INFO  String:204 - Student Operation: student 101075433 has not registered for course 115205;
@2017-11-24 20:21:08 INFO  String:214 - Student Operation: student 101075433 has not completed course 115205;
@2017-11-24 20:21:08 INFO  String:135 - Student Operation: student 101075433 select course 115205; State: Success
@2017-11-24 20:21:08 INFO  String:182 - University Operation: Get student; Student info: 101075433; State: Success
@2017-11-24 20:21:08 INFO  String:213 - University Operation: Check course; Course info: 115205; State: Success
@2017-11-24 20:21:08 INFO  String:182 - University Operation: Get student; Student info: 101075433; State: Success
@2017-11-24 20:21:08 INFO  String:195 - University Operation: Get course; Course info: 115205; State: Success
@2017-11-24 20:21:08 INFO  String:213 - University Operation: Check course; Course info: 115205; State: Success
@2017-11-24 20:21:08 INFO  String:233 - University Operation: Check student; Student info: 101075433; State: Success
@2017-11-24 20:21:08 INFO  String:204 - Student Operation: student 101075433 has not registered for course 115205;
@2017-11-24 20:21:08 INFO  String:369 - University Operation: student 101075433 deregister course 115205; State: Fail; Reason: The student or course doesn't exist or the student hasn't registered the course.
@2017-11-24 20:21:09 INFO  String:236 - University Operation: Check student; Student info: 101075403; State: Fail
@2017-11-24 20:21:09 INFO  String:35 - Student Operation: Initialize student; student number: 101075403, student name: mike
@2017-11-24 20:21:09 INFO  String:314 - University Operation: Create new student; Student info: [101075403,mike]; State: Success
@2017-11-24 20:21:09 INFO  String:216 - University Operation: Check course; Course info: 115007; State: Fail
@2017-11-24 20:21:09 INFO  String:71 - Course Operation: Initialize course; title: Graphical Models, myCode: 115007
@2017-11-24 20:21:09 INFO  String:284 - University Operation: Create new course; Course info: [Graphical Models,115007]; State: Success
@2017-11-24 20:21:09 INFO  String:255 - University Operation: Lookup student; Student info: [101075403,mike]; State: Success
@2017-11-24 20:21:09 INFO  String:182 - University Operation: Get student; Student info: 101075403; State: Success
@2017-11-24 20:21:09 INFO  String:213 - University Operation: Check course; Course info: 115007; State: Success
@2017-11-24 20:21:09 INFO  String:182 - University Operation: Get student; Student info: 101075403; State: Success
@2017-11-24 20:21:09 INFO  String:195 - University Operation: Get course; Course info: 115007; State: Success
@2017-11-24 20:21:09 INFO  String:213 - University Operation: Check course; Course info: 115007; State: Success
@2017-11-24 20:21:09 INFO  String:233 - University Operation: Check student; Student info: 101075403; State: Success
@2017-11-24 20:21:09 INFO  String:204 - Student Operation: student 101075403 has not registered for course 115007;
@2017-11-24 20:21:09 INFO  String:369 - University Operation: student 101075403 deregister course 115007; State: Fail; Reason: The student or course doesn't exist or the student hasn't registered the course.
@2017-11-24 20:21:09 INFO  String:236 - University Operation: Check student; Student info: 101075433; State: Fail
@2017-11-24 20:21:09 INFO  String:35 - Student Operation: Initialize student; student number: 101075433, student name: isaac
@2017-11-24 20:21:09 INFO  String:314 - University Operation: Create new student; Student info: [101075433,isaac]; State: Success
@2017-11-24 20:21:09 INFO  String:216 - University Operation: Check course; Course info: 115205; State: Fail
@2017-11-24 20:21:09 INFO  String:71 - Course Operation: Initialize course; title: Virtual Environments, myCode: 115205
@2017-11-24 20:21:09 INFO  String:288 - University Operation: Create new project course; Course info: [Virtual Environments,115205]; State: Success
@2017-11-24 20:21:09 INFO  String:255 - University Operation: Lookup student; Student info: [101075433,isaac]; State: Success
@2017-11-24 20:21:09 INFO  String:182 - University Operation: Get student; Student info: 101075433; State: Success
@2017-11-24 20:21:09 INFO  String:213 - University Operation: Check course; Course info: 115205; State: Success
@2017-11-24 20:21:09 INFO  String:182 - University Operation: Get student; Student info: 101075433; State: Success
@2017-11-24 20:21:09 INFO  String:195 - University Operation: Get course; Course info: 115205; State: Success
@2017-11-24 20:21:09 INFO  String:213 - University Operation: Check course; Course info: 115205; State: Success
@2017-11-24 20:21:09 INFO  String:233 - University Operation: Check student; Student info: 101075433; State: Success
@2017-11-24 20:21:09 INFO  String:204 - Student Operation: student 101075433 has not registered for course 115205;
@2017-11-24 20:21:09 INFO  String:369 - University Operation: student 101075433 deregister course 115205; State: Fail; Reason: The student or course doesn't exist or the student hasn't registered the course.
@2017-11-24 20:21:09 INFO  String:236 - University Operation: Check student; Student info: 101075403; State: Fail
@2017-11-24 20:21:09 INFO  String:35 - Student Operation: Initialize student; student number: 101075403, student name: mike
@2017-11-24 20:21:09 INFO  String:314 - University Operation: Create new student; Student info: [101075403,mike]; State: Success
@2017-11-24 20:21:09 INFO  String:216 - University Operation: Check course; Course info: 115007; State: Fail
@2017-11-24 20:21:09 INFO  String:71 - Course Operation: Initialize course; title: Graphical Models, myCode: 115007
@2017-11-24 20:21:09 INFO  String:284 - University Operation: Create new course; Course info: [Graphical Models,115007]; State: Success
@2017-11-24 20:21:09 INFO  String:255 - University Operation: Lookup student; Student info: [101075403,mike]; State: Success
@2017-11-24 20:21:09 INFO  String:182 - University Operation: Get student; Student info: 101075403; State: Success
@2017-11-24 20:21:09 INFO  String:213 - University Operation: Check course; Course info: 115007; State: Success
@2017-11-24 20:21:09 INFO  String:182 - University Operation: Get student; Student info: 101075403; State: Success
@2017-11-24 20:21:09 INFO  String:195 - University Operation: Get course; Course info: 115007; State: Success
@2017-11-24 20:21:09 INFO  String:194 - Student Operation: student 101075403 has not selected course 115007;
@2017-11-24 20:21:09 INFO  String:204 - Student Operation: student 101075403 has not registered for course 115007;
@2017-11-24 20:21:09 INFO  String:214 - Student Operation: student 101075403 has not completed course 115007;
@2017-11-24 20:21:09 INFO  String:135 - Student Operation: student 101075403 select course 115007; State: Success
@2017-11-24 20:21:10 INFO  String:182 - University Operation: Get student; Student info: 101075403; State: Success
@2017-11-24 20:21:10 INFO  String:213 - University Operation: Check course; Course info: 115007; State: Success
@2017-11-24 20:21:10 INFO  String:182 - University Operation: Get student; Student info: 101075403; State: Success
@2017-11-24 20:21:10 INFO  String:195 - University Operation: Get course; Course info: 115007; State: Success
@2017-11-24 20:21:10 INFO  String:213 - University Operation: Check course; Course info: 115007; State: Success
@2017-11-24 20:21:10 INFO  String:233 - University Operation: Check student; Student info: 101075403; State: Success
@2017-11-24 20:21:10 INFO  String:191 - Student Operation: student 101075403 has selected course 115007;
@2017-11-24 20:21:10 INFO  String:191 - Student Operation: student 101075403 has selected course 115007;
@2017-11-24 20:21:10 INFO  String:204 - Student Operation: student 101075403 has not registered for course 115007;
@2017-11-24 20:21:10 INFO  String:214 - Student Operation: student 101075403 has not completed course 115007;
@2017-11-24 20:21:10 INFO  String:156 - Student Operation: student 101075403 register course 115007; State: Success
@2017-11-24 20:21:10 INFO  String:269 - Course Operation: Add student 101075403 to course 115007; State: Success
@2017-11-24 20:21:10 INFO  String:344 - University Operation: student 101075403 register course 115007; State: Success
@2017-11-24 20:21:10 INFO  String:182 - University Operation: Get student; Student info: 101075403; State: Success
@2017-11-24 20:21:10 INFO  String:236 - University Operation: Check student; Student info: 101075433; State: Fail
@2017-11-24 20:21:10 INFO  String:35 - Student Operation: Initialize student; student number: 101075433, student name: isaac
@2017-11-24 20:21:10 INFO  String:314 - University Operation: Create new student; Student info: [101075433,isaac]; State: Success
@2017-11-24 20:21:10 INFO  String:216 - University Operation: Check course; Course info: 115205; State: Fail
@2017-11-24 20:21:10 INFO  String:71 - Course Operation: Initialize course; title: Virtual Environments, myCode: 115205
@2017-11-24 20:21:10 INFO  String:288 - University Operation: Create new project course; Course info: [Virtual Environments,115205]; State: Success
@2017-11-24 20:21:10 INFO  String:255 - University Operation: Lookup student; Student info: [101075433,isaac]; State: Success
@2017-11-24 20:21:10 INFO  String:182 - University Operation: Get student; Student info: 101075433; State: Success
@2017-11-24 20:21:10 INFO  String:213 - University Operation: Check course; Course info: 115205; State: Success
@2017-11-24 20:21:10 INFO  String:182 - University Operation: Get student; Student info: 101075433; State: Success
@2017-11-24 20:21:10 INFO  String:195 - University Operation: Get course; Course info: 115205; State: Success
@2017-11-24 20:21:10 INFO  String:194 - Student Operation: student 101075433 has not selected course 115205;
@2017-11-24 20:21:10 INFO  String:204 - Student Operation: student 101075433 has not registered for course 115205;
@2017-11-24 20:21:10 INFO  String:214 - Student Operation: student 101075433 has not completed course 115205;
@2017-11-24 20:21:10 INFO  String:135 - Student Operation: student 101075433 select course 115205; State: Success
@2017-11-24 20:21:11 INFO  String:182 - University Operation: Get student; Student info: 101075433; State: Success
@2017-11-24 20:21:11 INFO  String:213 - University Operation: Check course; Course info: 115205; State: Success
@2017-11-24 20:21:11 INFO  String:182 - University Operation: Get student; Student info: 101075433; State: Success
@2017-11-24 20:21:11 INFO  String:195 - University Operation: Get course; Course info: 115205; State: Success
@2017-11-24 20:21:11 INFO  String:213 - University Operation: Check course; Course info: 115205; State: Success
@2017-11-24 20:21:11 INFO  String:233 - University Operation: Check student; Student info: 101075433; State: Success
@2017-11-24 20:21:11 INFO  String:191 - Student Operation: student 101075433 has selected course 115205;
@2017-11-24 20:21:11 INFO  String:191 - Student Operation: student 101075433 has selected course 115205;
@2017-11-24 20:21:11 INFO  String:204 - Student Operation: student 101075433 has not registered for course 115205;
@2017-11-24 20:21:11 INFO  String:214 - Student Operation: student 101075433 has not completed course 115205;
@2017-11-24 20:21:11 INFO  String:156 - Student Operation: student 101075433 register course 115205; State: Success
@2017-11-24 20:21:11 INFO  String:269 - Course Operation: Add student 101075433 to course 115205; State: Success
@2017-11-24 20:21:11 INFO  String:344 - University Operation: student 101075433 register course 115205; State: Success
@2017-11-24 20:21:11 INFO  String:182 - University Operation: Get student; Student info: 101075433; State: Success
@2017-11-24 20:21:11 INFO  String:236 - University Operation: Check student; Student info: 101075403; State: Fail
@2017-11-24 20:21:11 INFO  String:35 - Student Operation: Initialize student; student number: 101075403, student name: mike
@2017-11-24 20:21:11 INFO  String:314 - University Operation: Create new student; Student info: [101075403,mike]; State: Success
@2017-11-24 20:21:11 INFO  String:216 - University Operation: Check course; Course info: 115007; State: Fail
@2017-11-24 20:21:11 INFO  String:71 - Course Operation: Initialize course; title: Graphical Models, myCode: 115007
@2017-11-24 20:21:11 INFO  String:284 - University Operation: Create new course; Course info: [Graphical Models,115007]; State: Success
@2017-11-24 20:21:11 INFO  String:255 - University Operation: Lookup student; Student info: [101075403,mike]; State: Success
@2017-11-24 20:21:11 INFO  String:182 - University Operation: Get student; Student info: 101075403; State: Success
@2017-11-24 20:21:11 INFO  String:213 - University Operation: Check course; Course info: 115007; State: Success
@2017-11-24 20:21:11 INFO  String:182 - University Operation: Get student; Student info: 101075403; State: Success
@2017-11-24 20:21:11 INFO  String:195 - University Operation: Get course; Course info: 115007; State: Success
@2017-11-24 20:21:11 INFO  String:194 - Student Operation: student 101075403 has not selected course 115007;
@2017-11-24 20:21:11 INFO  String:204 - Student Operation: student 101075403 has not registered for course 115007;
@2017-11-24 20:21:11 INFO  String:214 - Student Operation: student 101075403 has not completed course 115007;
@2017-11-24 20:21:11 INFO  String:135 - Student Operation: student 101075403 select course 115007; State: Success
@2017-11-24 20:21:11 INFO  String:182 - University Operation: Get student; Student info: 101075403; State: Success
@2017-11-24 20:21:11 INFO  String:236 - University Operation: Check student; Student info: 101075433; State: Fail
@2017-11-24 20:21:11 INFO  String:35 - Student Operation: Initialize student; student number: 101075433, student name: isaac
@2017-11-24 20:21:11 INFO  String:314 - University Operation: Create new student; Student info: [101075433,isaac]; State: Success
@2017-11-24 20:21:11 INFO  String:216 - University Operation: Check course; Course info: 115205; State: Fail
@2017-11-24 20:21:11 INFO  String:71 - Course Operation: Initialize course; title: Virtual Environments, myCode: 115205
@2017-11-24 20:21:11 INFO  String:288 - University Operation: Create new project course; Course info: [Virtual Environments,115205]; State: Success
@2017-11-24 20:21:11 INFO  String:255 - University Operation: Lookup student; Student info: [101075433,isaac]; State: Success
@2017-11-24 20:21:11 INFO  String:182 - University Operation: Get student; Student info: 101075433; State: Success
@2017-11-24 20:21:11 INFO  String:213 - University Operation: Check course; Course info: 115205; State: Success
@2017-11-24 20:21:11 INFO  String:182 - University Operation: Get student; Student info: 101075433; State: Success
@2017-11-24 20:21:11 INFO  String:195 - University Operation: Get course; Course info: 115205; State: Success
@2017-11-24 20:21:11 INFO  String:194 - Student Operation: student 101075433 has not selected course 115205;
@2017-11-24 20:21:11 INFO  String:204 - Student Operation: student 101075433 has not registered for course 115205;
@2017-11-24 20:21:11 INFO  String:214 - Student Operation: student 101075433 has not completed course 115205;
@2017-11-24 20:21:11 INFO  String:135 - Student Operation: student 101075433 select course 115205; State: Success
@2017-11-24 20:21:11 INFO  String:182 - University Operation: Get student; Student info: 101075433; State: Success
@2017-11-24 20:21:11 INFO  String:216 - University Operation: Check course; Course info: 115007; State: Fail
@2017-11-24 20:21:11 INFO  String:71 - Course Operation: Initialize course; title: Graphical Models, myCode: 115007
@2017-11-24 20:21:11 INFO  String:284 - University Operation: Create new course; Course info: [Graphical Models,115007]; State: Success
@2017-11-24 20:21:11 INFO  String:216 - University Operation: Check course; Course info: 115205; State: Fail
@2017-11-24 20:21:11 INFO  String:71 - Course Operation: Initialize course; title: Virtual Environments, myCode: 115205
@2017-11-24 20:21:11 INFO  String:284 - University Operation: Create new course; Course info: [Virtual Environments,115205]; State: Success
@2017-11-24 20:21:11 INFO  String:216 - University Operation: Check course; Course info: 115004; State: Fail
@2017-11-24 20:21:11 INFO  String:71 - Course Operation: Initialize course; title: Fault Tolerance, myCode: 115004
@2017-11-24 20:21:11 INFO  String:284 - University Operation: Create new course; Course info: [Fault Tolerance,115004]; State: Success
@2017-11-24 20:21:11 INFO  String:216 - University Operation: Check course; Course info: 115201; State: Fail
@2017-11-24 20:21:11 INFO  String:71 - Course Operation: Initialize course; title: Computer Animation, myCode: 115201
@2017-11-24 20:21:11 INFO  String:284 - University Operation: Create new course; Course info: [Computer Animation,115201]; State: Success
@2017-11-24 20:21:11 INFO  String:236 - University Operation: Check student; Student info: 101075403; State: Fail
@2017-11-24 20:21:11 INFO  String:35 - Student Operation: Initialize student; student number: 101075403, student name: mike
@2017-11-24 20:21:11 INFO  String:314 - University Operation: Create new student; Student info: [101075403,mike]; State: Success
@2017-11-24 20:21:11 INFO  String:236 - University Operation: Check student; Student info: 101075433; State: Fail
@2017-11-24 20:21:11 INFO  String:35 - Student Operation: Initialize student; student number: 101075433, student name: isaac
@2017-11-24 20:21:11 INFO  String:314 - University Operation: Create new student; Student info: [101075433,isaac]; State: Success
@2017-11-24 20:21:11 INFO  String:236 - University Operation: Check student; Student info: 101075404; State: Fail
@2017-11-24 20:21:11 INFO  String:35 - Student Operation: Initialize student; student number: 101075404, student name: john
@2017-11-24 20:21:11 INFO  String:314 - University Operation: Create new student; Student info: [101075404,john]; State: Success
@2017-11-24 20:21:11 INFO  String:213 - University Operation: Check course; Course info: 115007; State: Success
@2017-11-24 20:21:11 INFO  String:195 - University Operation: Get course; Course info: 115007; State: Success
@2017-11-24 20:21:11 INFO  String:213 - University Operation: Check course; Course info: 115007; State: Success
@2017-11-24 20:21:11 INFO  String:291 - Course Operation: Remove student 101075403 from course 115007; State: Fail; Reason: The student has not registered.
@2017-11-24 20:21:11 INFO  String:194 - Student Operation: student 101075403 has not selected course 115007;
@2017-11-24 20:21:11 INFO  String:167 - Student Operation: student 101075403 drop course 115007; State: Fail; Reason: student hasn't selected this course or student has completed this course
@2017-11-24 20:21:11 INFO  String:194 - Student Operation: student 101075403 has not selected course 115007;
@2017-11-24 20:21:11 INFO  String:204 - Student Operation: student 101075403 has not registered for course 115007;
@2017-11-24 20:21:11 INFO  String:181 - Student Operation: student 101075403 deregister course 115007; State: Fail; Reason: student hasn't registered this course or student has completed this course
@2017-11-24 20:21:11 INFO  String:291 - Course Operation: Remove student 101075433 from course 115007; State: Fail; Reason: The student has not registered.
@2017-11-24 20:21:11 INFO  String:194 - Student Operation: student 101075433 has not selected course 115007;
@2017-11-24 20:21:11 INFO  String:167 - Student Operation: student 101075433 drop course 115007; State: Fail; Reason: student hasn't selected this course or student has completed this course
@2017-11-24 20:21:11 INFO  String:194 - Student Operation: student 101075433 has not selected course 115007;
@2017-11-24 20:21:11 INFO  String:204 - Student Operation: student 101075433 has not registered for course 115007;
@2017-11-24 20:21:11 INFO  String:181 - Student Operation: student 101075433 deregister course 115007; State: Fail; Reason: student hasn't registered this course or student has completed this course
@2017-11-24 20:21:11 INFO  String:291 - Course Operation: Remove student 101075404 from course 115007; State: Fail; Reason: The student has not registered.
@2017-11-24 20:21:11 INFO  String:194 - Student Operation: student 101075404 has not selected course 115007;
@2017-11-24 20:21:11 INFO  String:167 - Student Operation: student 101075404 drop course 115007; State: Fail; Reason: student hasn't selected this course or student has completed this course
@2017-11-24 20:21:11 INFO  String:194 - Student Operation: student 101075404 has not selected course 115007;
@2017-11-24 20:21:11 INFO  String:204 - Student Operation: student 101075404 has not registered for course 115007;
@2017-11-24 20:21:11 INFO  String:181 - Student Operation: student 101075404 deregister course 115007; State: Fail; Reason: student hasn't registered this course or student has completed this course
@2017-11-24 20:21:11 INFO  String:421 - University Operation: delete course 115007; State: Success
@2017-11-24 20:21:11 INFO  String:233 - University Operation: Check student; Student info: 101075403; State: Success
@2017-11-24 20:21:11 INFO  String:182 - University Operation: Get student; Student info: 101075403; State: Success
@2017-11-24 20:21:11 INFO  String:233 - University Operation: Check student; Student info: 101075403; State: Success
@2017-11-24 20:21:11 INFO  String:194 - Student Operation: student 101075403 has not selected course 115205;
@2017-11-24 20:21:11 INFO  String:204 - Student Operation: student 101075403 has not registered for course 115205;
@2017-11-24 20:21:11 INFO  String:181 - Student Operation: student 101075403 deregister course 115205; State: Fail; Reason: student hasn't registered this course or student has completed this course
@2017-11-24 20:21:11 INFO  String:291 - Course Operation: Remove student 101075403 from course 115205; State: Fail; Reason: The student has not registered.
@2017-11-24 20:21:11 INFO  String:194 - Student Operation: student 101075403 has not selected course 115004;
@2017-11-24 20:21:11 INFO  String:204 - Student Operation: student 101075403 has not registered for course 115004;
@2017-11-24 20:21:11 INFO  String:181 - Student Operation: student 101075403 deregister course 115004; State: Fail; Reason: student hasn't registered this course or student has completed this course
@2017-11-24 20:21:11 INFO  String:291 - Course Operation: Remove student 101075403 from course 115004; State: Fail; Reason: The student has not registered.
@2017-11-24 20:21:11 INFO  String:194 - Student Operation: student 101075403 has not selected course 115201;
@2017-11-24 20:21:11 INFO  String:204 - Student Operation: student 101075403 has not registered for course 115201;
@2017-11-24 20:21:11 INFO  String:181 - Student Operation: student 101075403 deregister course 115201; State: Fail; Reason: student hasn't registered this course or student has completed this course
@2017-11-24 20:21:11 INFO  String:291 - Course Operation: Remove student 101075403 from course 115201; State: Fail; Reason: The student has not registered.
@2017-11-24 20:21:11 INFO  String:448 - University Operation: delete student 101075403; State: Success
@2017-11-24 20:21:11 INFO  String:255 - University Operation: Lookup student; Student info: [101075433,isaac]; State: Success
@2017-11-24 20:21:11 INFO  String:182 - University Operation: Get student; Student info: 101075433; State: Success
@2017-11-24 20:21:11 INFO  String:213 - University Operation: Check course; Course info: 115004; State: Success
@2017-11-24 20:21:11 INFO  String:182 - University Operation: Get student; Student info: 101075433; State: Success
@2017-11-24 20:21:11 INFO  String:195 - University Operation: Get course; Course info: 115004; State: Success
@2017-11-24 20:21:11 INFO  String:194 - Student Operation: student 101075433 has not selected course 115004;
@2017-11-24 20:21:11 INFO  String:204 - Student Operation: student 101075433 has not registered for course 115004;
@2017-11-24 20:21:11 INFO  String:214 - Student Operation: student 101075433 has not completed course 115004;
@2017-11-24 20:21:11 INFO  String:135 - Student Operation: student 101075433 select course 115004; State: Success
@2017-11-24 20:21:11 INFO  String:182 - University Operation: Get student; Student info: 101075433; State: Success
@2017-11-24 20:21:11 INFO  String:213 - University Operation: Check course; Course info: 115201; State: Success
@2017-11-24 20:21:11 INFO  String:182 - University Operation: Get student; Student info: 101075433; State: Success
@2017-11-24 20:21:11 INFO  String:195 - University Operation: Get course; Course info: 115201; State: Success
@2017-11-24 20:21:11 INFO  String:194 - Student Operation: student 101075433 has not selected course 115201;
@2017-11-24 20:21:11 INFO  String:204 - Student Operation: student 101075433 has not registered for course 115201;
@2017-11-24 20:21:11 INFO  String:214 - Student Operation: student 101075433 has not completed course 115201;
@2017-11-24 20:21:11 INFO  String:135 - Student Operation: student 101075433 select course 115201; State: Success
@2017-11-24 20:21:11 INFO  String:255 - University Operation: Lookup student; Student info: [101075404,john]; State: Success
@2017-11-24 20:21:11 INFO  String:182 - University Operation: Get student; Student info: 101075404; State: Success
@2017-11-24 20:21:11 INFO  String:213 - University Operation: Check course; Course info: 115201; State: Success
@2017-11-24 20:21:11 INFO  String:182 - University Operation: Get student; Student info: 101075404; State: Success
@2017-11-24 20:21:11 INFO  String:195 - University Operation: Get course; Course info: 115201; State: Success
@2017-11-24 20:21:11 INFO  String:194 - Student Operation: student 101075404 has not selected course 115201;
@2017-11-24 20:21:11 INFO  String:204 - Student Operation: student 101075404 has not registered for course 115201;
@2017-11-24 20:21:11 INFO  String:214 - Student Operation: student 101075404 has not completed course 115201;
@2017-11-24 20:21:11 INFO  String:135 - Student Operation: student 101075404 select course 115201; State: Success
@2017-11-24 20:21:12 INFO  String:255 - University Operation: Lookup student; Student info: [101075433,isaac]; State: Success
@2017-11-24 20:21:12 INFO  String:182 - University Operation: Get student; Student info: 101075433; State: Success
@2017-11-24 20:21:12 INFO  String:213 - University Operation: Check course; Course info: 115205; State: Success
@2017-11-24 20:21:12 INFO  String:182 - University Operation: Get student; Student info: 101075433; State: Success
@2017-11-24 20:21:12 INFO  String:195 - University Operation: Get course; Course info: 115205; State: Success
@2017-11-24 20:21:12 INFO  String:194 - Student Operation: student 101075433 has not selected course 115205;
@2017-11-24 20:21:12 INFO  String:204 - Student Operation: student 101075433 has not registered for course 115205;
@2017-11-24 20:21:12 INFO  String:214 - Student Operation: student 101075433 has not completed course 115205;
@2017-11-24 20:21:12 INFO  String:135 - Student Operation: student 101075433 select course 115205; State: Success
@2017-11-24 20:21:12 INFO  String:182 - University Operation: Get student; Student info: 101075433; State: Success
@2017-11-24 20:21:12 INFO  String:213 - University Operation: Check course; Course info: 115004; State: Success
@2017-11-24 20:21:12 INFO  String:182 - University Operation: Get student; Student info: 101075433; State: Success
@2017-11-24 20:21:12 INFO  String:195 - University Operation: Get course; Course info: 115004; State: Success
@2017-11-24 20:21:12 INFO  String:213 - University Operation: Check course; Course info: 115004; State: Success
@2017-11-24 20:21:12 INFO  String:233 - University Operation: Check student; Student info: 101075433; State: Success
@2017-11-24 20:21:12 INFO  String:191 - Student Operation: student 101075433 has selected course 115004;
@2017-11-24 20:21:12 INFO  String:191 - Student Operation: student 101075433 has selected course 115004;
@2017-11-24 20:21:12 INFO  String:204 - Student Operation: student 101075433 has not registered for course 115004;
@2017-11-24 20:21:12 INFO  String:214 - Student Operation: student 101075433 has not completed course 115004;
@2017-11-24 20:21:12 INFO  String:156 - Student Operation: student 101075433 register course 115004; State: Success
@2017-11-24 20:21:12 INFO  String:269 - Course Operation: Add student 101075433 to course 115004; State: Success
@2017-11-24 20:21:12 INFO  String:344 - University Operation: student 101075433 register course 115004; State: Success
@2017-11-24 20:21:12 INFO  String:182 - University Operation: Get student; Student info: 101075433; State: Success
@2017-11-24 20:21:12 INFO  String:213 - University Operation: Check course; Course info: 115201; State: Success
@2017-11-24 20:21:12 INFO  String:182 - University Operation: Get student; Student info: 101075433; State: Success
@2017-11-24 20:21:12 INFO  String:195 - University Operation: Get course; Course info: 115201; State: Success
@2017-11-24 20:21:12 INFO  String:213 - University Operation: Check course; Course info: 115201; State: Success
@2017-11-24 20:21:12 INFO  String:233 - University Operation: Check student; Student info: 101075433; State: Success
@2017-11-24 20:21:12 INFO  String:191 - Student Operation: student 101075433 has selected course 115201;
@2017-11-24 20:21:12 INFO  String:191 - Student Operation: student 101075433 has selected course 115201;
@2017-11-24 20:21:12 INFO  String:204 - Student Operation: student 101075433 has not registered for course 115201;
@2017-11-24 20:21:12 INFO  String:214 - Student Operation: student 101075433 has not completed course 115201;
@2017-11-24 20:21:12 INFO  String:156 - Student Operation: student 101075433 register course 115201; State: Success
@2017-11-24 20:21:12 INFO  String:269 - Course Operation: Add student 101075433 to course 115201; State: Success
@2017-11-24 20:21:12 INFO  String:344 - University Operation: student 101075433 register course 115201; State: Success
@2017-11-24 20:21:12 INFO  String:182 - University Operation: Get student; Student info: 101075433; State: Success
@2017-11-24 20:21:12 INFO  String:213 - University Operation: Check course; Course info: 115201; State: Success
@2017-11-24 20:21:12 INFO  String:182 - University Operation: Get student; Student info: 101075433; State: Success
@2017-11-24 20:21:12 INFO  String:195 - University Operation: Get course; Course info: 115201; State: Success
@2017-11-24 20:21:12 INFO  String:213 - University Operation: Check course; Course info: 115201; State: Success
@2017-11-24 20:21:12 INFO  String:233 - University Operation: Check student; Student info: 101075433; State: Success
@2017-11-24 20:21:12 INFO  String:201 - Student Operation: student 101075433 has registered for course 115201;
@2017-11-24 20:21:12 INFO  String:194 - Student Operation: student 101075433 has not selected course 115201;
@2017-11-24 20:21:12 INFO  String:201 - Student Operation: student 101075433 has registered for course 115201;
@2017-11-24 20:21:12 INFO  String:214 - Student Operation: student 101075433 has not completed course 115201;
@2017-11-24 20:21:12 INFO  String:184 - Student Operation: student 101075433 deregister course 115201; State: Success
@2017-11-24 20:21:12 INFO  String:287 - Course Operation: Remove student 101075433 from course 115201; State: Success
@2017-11-24 20:21:12 INFO  String:363 - University Operation: student 101075433 deregister course 115201; State: Success
@2017-11-24 20:21:12 INFO  String:255 - University Operation: Lookup student; Student info: [101075404,john]; State: Success
@2017-11-24 20:21:12 INFO  String:182 - University Operation: Get student; Student info: 101075404; State: Success
@2017-11-24 20:21:12 INFO  String:213 - University Operation: Check course; Course info: 115205; State: Success
@2017-11-24 20:21:12 INFO  String:182 - University Operation: Get student; Student info: 101075404; State: Success
@2017-11-24 20:21:12 INFO  String:195 - University Operation: Get course; Course info: 115205; State: Success
@2017-11-24 20:21:12 INFO  String:194 - Student Operation: student 101075404 has not selected course 115205;
@2017-11-24 20:21:12 INFO  String:204 - Student Operation: student 101075404 has not registered for course 115205;
@2017-11-24 20:21:12 INFO  String:214 - Student Operation: student 101075404 has not completed course 115205;
@2017-11-24 20:21:12 INFO  String:135 - Student Operation: student 101075404 select course 115205; State: Success
@2017-11-24 20:21:12 INFO  String:182 - University Operation: Get student; Student info: 101075404; State: Success
@2017-11-24 20:21:12 INFO  String:213 - University Operation: Check course; Course info: 115004; State: Success
@2017-11-24 20:21:12 INFO  String:182 - University Operation: Get student; Student info: 101075404; State: Success
@2017-11-24 20:21:12 INFO  String:195 - University Operation: Get course; Course info: 115004; State: Success
@2017-11-24 20:21:12 INFO  String:194 - Student Operation: student 101075404 has not selected course 115004;
@2017-11-24 20:21:12 INFO  String:204 - Student Operation: student 101075404 has not registered for course 115004;
@2017-11-24 20:21:12 INFO  String:214 - Student Operation: student 101075404 has not completed course 115004;
@2017-11-24 20:21:12 INFO  String:135 - Student Operation: student 101075404 select course 115004; State: Success
@2017-11-24 20:21:12 INFO  String:182 - University Operation: Get student; Student info: 101075404; State: Success
@2017-11-24 20:21:12 INFO  String:213 - University Operation: Check course; Course info: 115205; State: Success
@2017-11-24 20:21:12 INFO  String:182 - University Operation: Get student; Student info: 101075404; State: Success
@2017-11-24 20:21:12 INFO  String:195 - University Operation: Get course; Course info: 115205; State: Success
@2017-11-24 20:21:12 INFO  String:213 - University Operation: Check course; Course info: 115205; State: Success
@2017-11-24 20:21:12 INFO  String:233 - University Operation: Check student; Student info: 101075404; State: Success
@2017-11-24 20:21:12 INFO  String:191 - Student Operation: student 101075404 has selected course 115205;
@2017-11-24 20:21:12 INFO  String:191 - Student Operation: student 101075404 has selected course 115205;
@2017-11-24 20:21:12 INFO  String:204 - Student Operation: student 101075404 has not registered for course 115205;
@2017-11-24 20:21:12 INFO  String:214 - Student Operation: student 101075404 has not completed course 115205;
@2017-11-24 20:21:12 INFO  String:156 - Student Operation: student 101075404 register course 115205; State: Success
@2017-11-24 20:21:12 INFO  String:269 - Course Operation: Add student 101075404 to course 115205; State: Success
@2017-11-24 20:21:12 INFO  String:344 - University Operation: student 101075404 register course 115205; State: Success
@2017-11-24 20:21:12 INFO  String:182 - University Operation: Get student; Student info: 101075404; State: Success
@2017-11-24 20:21:12 INFO  String:213 - University Operation: Check course; Course info: 115004; State: Success
@2017-11-24 20:21:12 INFO  String:182 - University Operation: Get student; Student info: 101075404; State: Success
@2017-11-24 20:21:12 INFO  String:195 - University Operation: Get course; Course info: 115004; State: Success
@2017-11-24 20:21:12 INFO  String:213 - University Operation: Check course; Course info: 115004; State: Success
@2017-11-24 20:21:12 INFO  String:233 - University Operation: Check student; Student info: 101075404; State: Success
@2017-11-24 20:21:12 INFO  String:191 - Student Operation: student 101075404 has selected course 115004;
@2017-11-24 20:21:12 INFO  String:191 - Student Operation: student 101075404 has selected course 115004;
@2017-11-24 20:21:12 INFO  String:204 - Student Operation: student 101075404 has not registered for course 115004;
@2017-11-24 20:21:12 INFO  String:214 - Student Operation: student 101075404 has not completed course 115004;
@2017-11-24 20:21:12 INFO  String:156 - Student Operation: student 101075404 register course 115004; State: Success
@2017-11-24 20:21:12 INFO  String:269 - Course Operation: Add student 101075404 to course 115004; State: Success
@2017-11-24 20:21:12 INFO  String:344 - University Operation: student 101075404 register course 115004; State: Success
@2017-11-24 20:21:12 INFO  String:182 - University Operation: Get student; Student info: 101075404; State: Success
@2017-11-24 20:21:12 INFO  String:213 - University Operation: Check course; Course info: 115205; State: Success
@2017-11-24 20:21:12 INFO  String:182 - University Operation: Get student; Student info: 101075404; State: Success
@2017-11-24 20:21:12 INFO  String:195 - University Operation: Get course; Course info: 115205; State: Success
@2017-11-24 20:21:12 INFO  String:213 - University Operation: Check course; Course info: 115205; State: Success
@2017-11-24 20:21:12 INFO  String:233 - University Operation: Check student; Student info: 101075404; State: Success
@2017-11-24 20:21:12 INFO  String:201 - Student Operation: student 101075404 has registered for course 115205;
@2017-11-24 20:21:12 INFO  String:194 - Student Operation: student 101075404 has not selected course 115205;
@2017-11-24 20:21:12 INFO  String:201 - Student Operation: student 101075404 has registered for course 115205;
@2017-11-24 20:21:12 INFO  String:214 - Student Operation: student 101075404 has not completed course 115205;
@2017-11-24 20:21:12 INFO  String:184 - Student Operation: student 101075404 deregister course 115205; State: Success
@2017-11-24 20:21:12 INFO  String:287 - Course Operation: Remove student 101075404 from course 115205; State: Success
@2017-11-24 20:21:12 INFO  String:363 - University Operation: student 101075404 deregister course 115205; State: Success
@2017-11-24 20:21:12 INFO  String:182 - University Operation: Get student; Student info: 101075404; State: Success
@2017-11-24 20:21:12 INFO  String:213 - University Operation: Check course; Course info: 115201; State: Success
@2017-11-24 20:21:12 INFO  String:182 - University Operation: Get student; Student info: 101075404; State: Success
@2017-11-24 20:21:12 INFO  String:195 - University Operation: Get course; Course info: 115201; State: Success
@2017-11-24 20:21:12 INFO  String:191 - Student Operation: student 101075404 has selected course 115201;
@2017-11-24 20:21:12 INFO  String:204 - Student Operation: student 101075404 has not registered for course 115201;
@2017-11-24 20:21:12 INFO  String:214 - Student Operation: student 101075404 has not completed course 115201;
@2017-11-24 20:21:12 INFO  String:170 - Student Operation: student 101075404 drop course 115201; State: Success
@2017-11-24 20:21:12 INFO  String:255 - University Operation: Lookup student; Student info: [101075433,isaac]; State: Success
@2017-11-24 20:21:12 INFO  String:182 - University Operation: Get student; Student info: 101075433; State: Success
@2017-11-24 20:21:12 INFO  String:213 - University Operation: Check course; Course info: 115205; State: Success
@2017-11-24 20:21:12 INFO  String:182 - University Operation: Get student; Student info: 101075433; State: Success
@2017-11-24 20:21:12 INFO  String:195 - University Operation: Get course; Course info: 115205; State: Success
@2017-11-24 20:21:12 INFO  String:191 - Student Operation: student 101075433 has selected course 115205;
@2017-11-24 20:21:12 INFO  String:204 - Student Operation: student 101075433 has not registered for course 115205;
@2017-11-24 20:21:12 INFO  String:214 - Student Operation: student 101075433 has not completed course 115205;
@2017-11-24 20:21:12 INFO  String:170 - Student Operation: student 101075433 drop course 115205; State: Success
@2017-11-24 20:21:12 INFO  String:213 - University Operation: Check course; Course info: 115205; State: Success
@2017-11-24 20:21:12 INFO  String:195 - University Operation: Get course; Course info: 115205; State: Success
@2017-11-24 20:21:12 INFO  String:213 - University Operation: Check course; Course info: 115205; State: Success
@2017-11-24 20:21:12 INFO  String:291 - Course Operation: Remove student 101075433 from course 115205; State: Fail; Reason: The student has not registered.
@2017-11-24 20:21:12 INFO  String:194 - Student Operation: student 101075433 has not selected course 115205;
@2017-11-24 20:21:12 INFO  String:204 - Student Operation: student 101075433 has not registered for course 115205;
@2017-11-24 20:21:12 INFO  String:181 - Student Operation: student 101075433 deregister course 115205; State: Fail; Reason: student hasn't registered this course or student has completed this course
@2017-11-24 20:21:12 INFO  String:291 - Course Operation: Remove student 101075404 from course 115205; State: Fail; Reason: The student has not registered.
@2017-11-24 20:21:12 INFO  String:194 - Student Operation: student 101075404 has not selected course 115205;
@2017-11-24 20:21:12 INFO  String:204 - Student Operation: student 101075404 has not registered for course 115205;
@2017-11-24 20:21:12 INFO  String:181 - Student Operation: student 101075404 deregister course 115205; State: Fail; Reason: student hasn't registered this course or student has completed this course
@2017-11-24 20:21:12 INFO  String:393 - University Operation: cancel course 115205; State: Success
@2017-11-24 20:21:13 INFO  String:213 - University Operation: Check course; Course info: 115205; State: Success
@2017-11-24 20:21:13 INFO  String:470 - University Operation: mark students for course 115205; State: Fail Reason: No students enrolled in this course.
@2017-11-24 20:21:13 INFO  String:213 - University Operation: Check course; Course info: 115004; State: Success
@2017-11-24 20:21:13 INFO  String:467 - University Operation: mark students for course 115004; State: Success
@2017-11-24 20:21:13 INFO  String:213 - University Operation: Check course; Course info: 115201; State: Success
@2017-11-24 20:21:13 INFO  String:470 - University Operation: mark students for course 115201; State: Fail Reason: No students enrolled in this course.
@